# JRE version: Java(TM) SE Runtime Environment 18.9 (11.0.11+9) (build 11.0.11+9-LTS-194)
# Java VM: Java HotSpot(TM) 64-Bit Server VM 18.9 (11.0.11+9-LTS-194, mixed mode, tiered, compressed oops, g1 gc, bsd-amd64)
Heap:
 garbage-first heap   total 262144K, used 98045K [0x0000000700000000, 0x0000000800000000)
  region size 1024K, 55 young (56320K), 4 survivors (4096K)
 Metaspace       used 45838K, capacity 46765K, committed 47104K, reserved 1091584K
  class space    used 4662K, capacity 5034K, committed 5120K, reserved 1048576K
GC Heap History (10 events):
Event: 18283.209 GC heap before
{Heap before GC invocations=780 (full 0):
 garbage-first heap   total 262144K, used 184568K [0x0000000700000000, 0x0000000800000000)
  region size 1024K, 153 young (156672K), 1 survivors (1024K)
 Metaspace       used 45263K, capacity 46220K, committed 46848K, reserved 1091584K
  class space    used 4634K, capacity 5017K, committed 5120K, reserved 1048576K
}
Event: 18283.210 GC heap after
{Heap after GC invocations=781 (full 0):
 garbage-first heap   total 262144K, used 28927K [0x0000000700000000, 0x0000000800000000)
  region size 1024K, 1 young (1024K), 1 survivors (1024K)
 Metaspace       used 45263K, capacity 46220K, committed 46848K, reserved 1091584K
  class space    used 4634K, capacity 5017K, committed 5120K, reserved 1048576K
}
Event: 18283.771 GC heap before
{Heap before GC invocations=781 (full 0):
 garbage-first heap   total 262144K, used 184575K [0x0000000700000000, 0x0000000800000000)
  region size 1024K, 153 young (156672K), 1 survivors (1024K)
 Metaspace       used 45263K, capacity 46220K, committed 46848K, reserved 1091584K
  class space    used 4634K, capacity 5017K, committed 5120K, reserved 1048576K
}
Event: 18283.772 GC heap after
{Heap after GC invocations=782 (full 0):
 garbage-first heap   total 262144K, used 28989K [0x0000000700000000, 0x0000000800000000)
  region size 1024K, 1 young (1024K), 1 survivors (1024K)
 Metaspace       used 45263K, capacity 46220K, committed 46848K, reserved 1091584K
  class space    used 4634K, capacity 5017K, committed 5120K, reserved 1048576K
}
Event: 18356.868 GC heap before
{Heap before GC invocations=782 (full 0):
 garbage-first heap   total 262144K, used 184637K [0x0000000700000000, 0x0000000800000000)
  region size 1024K, 153 young (156672K), 1 survivors (1024K)
 Metaspace       used 45300K, capacity 46224K, committed 46848K, reserved 1091584K
  class space    used 4641K, capacity 5018K, committed 5120K, reserved 1048576K
}
Event: 18356.871 GC heap after
{Heap after GC invocations=783 (full 0):
 garbage-first heap   total 262144K, used 29247K [0x0000000700000000, 0x0000000800000000)
  region size 1024K, 1 young (1024K), 1 survivors (1024K)
 Metaspace       used 45300K, capacity 46224K, committed 46848K, reserved 1091584K
  class space    used 4641K, capacity 5018K, committed 5120K, reserved 1048576K
}
Event: 18427.511 GC heap before
{Heap before GC invocations=783 (full 0):
 garbage-first heap   total 262144K, used 196159K [0x0000000700000000, 0x0000000800000000)
  region size 1024K, 153 young (156672K), 1 survivors (1024K)
 Metaspace       used 45643K, capacity 46601K, committed 47104K, reserved 1091584K
  class space    used 4655K, capacity 5028K, committed 5120K, reserved 1048576K
}
Event: 18427.520 GC heap after
{Heap after GC invocations=784 (full 0):
 garbage-first heap   total 262144K, used 38789K [0x0000000700000000, 0x0000000800000000)
  region size 1024K, 3 young (3072K), 3 survivors (3072K)
 Metaspace       used 45643K, capacity 46601K, committed 47104K, reserved 1091584K
  class space    used 4655K, capacity 5028K, committed 5120K, reserved 1048576K
}
Event: 18521.311 GC heap before
{Heap before GC invocations=784 (full 0):
 garbage-first heap   total 262144K, used 208773K [0x0000000700000000, 0x0000000800000000)
  region size 1024K, 153 young (156672K), 3 survivors (3072K)
 Metaspace       used 45745K, capacity 46692K, committed 47104K, reserved 1091584K
  class space    used 4659K, capacity 5033K, committed 5120K, reserved 1048576K
}
Event: 18521.316 GC heap after
{Heap after GC invocations=785 (full 0):
 garbage-first heap   total 262144K, used 46845K [0x0000000700000000, 0x0000000800000000)
  region size 1024K, 4 young (4096K), 4 survivors (4096K)
 Metaspace       used 45745K, capacity 46692K, committed 47104K, reserved 1091584K
  class space    used 4659K, capacity 5033K, committed 5120K, reserved 1048576K
}

