# JRE version: Java(TM) SE Runtime Environment 18.9 (11.0.11+9) (build 11.0.11+9-LTS-194)
# Java VM: Java HotSpot(TM) 64-Bit Server VM 18.9 (11.0.11+9-LTS-194, mixed mode, tiered, compressed oops, g1 gc, bsd-amd64)
Heap:
 garbage-first heap   total 264192K, used 129575K [0x0000000700000000, 0x0000000800000000)
  region size 1024K, 54 young (55296K), 12 survivors (12288K)
 Metaspace       used 45846K, capacity 46785K, committed 47232K, reserved 1091584K
  class space    used 4622K, capacity 4944K, committed 4992K, reserved 1048576K
GC Heap History (10 events):
Event: 1256.454 GC heap before
{Heap before GC invocations=59 (full 0):
 garbage-first heap   total 262144K, used 190937K [0x0000000700000000, 0x0000000800000000)
  region size 1024K, 153 young (156672K), 4 survivors (4096K)
 Metaspace       used 45218K, capacity 46088K, committed 46720K, reserved 1091584K
  class space    used 4598K, capacity 4923K, committed 4992K, reserved 1048576K
}
Event: 1256.456 GC heap after
{Heap after GC invocations=60 (full 0):
 garbage-first heap   total 262144K, used 38502K [0x0000000700000000, 0x0000000800000000)
  region size 1024K, 4 young (4096K), 4 survivors (4096K)
 Metaspace       used 45218K, capacity 46088K, committed 46720K, reserved 1091584K
  class space    used 4598K, capacity 4923K, committed 4992K, reserved 1048576K
}
Event: 1261.495 GC heap before
{Heap before GC invocations=60 (full 0):
 garbage-first heap   total 262144K, used 191078K [0x0000000700000000, 0x0000000800000000)
  region size 1024K, 153 young (156672K), 4 survivors (4096K)
 Metaspace       used 45222K, capacity 46088K, committed 46720K, reserved 1091584K
  class space    used 4598K, capacity 4923K, committed 4992K, reserved 1048576K
}
Event: 1261.498 GC heap after
{Heap after GC invocations=61 (full 0):
 garbage-first heap   total 262144K, used 38490K [0x0000000700000000, 0x0000000800000000)
  region size 1024K, 4 young (4096K), 4 survivors (4096K)
 Metaspace       used 45222K, capacity 46088K, committed 46720K, reserved 1091584K
  class space    used 4598K, capacity 4923K, committed 4992K, reserved 1048576K
}
Event: 1957.302 GC heap before
{Heap before GC invocations=61 (full 0):
 garbage-first heap   total 262144K, used 198234K [0x0000000700000000, 0x0000000800000000)
  region size 1024K, 153 young (156672K), 4 survivors (4096K)
 Metaspace       used 45372K, capacity 46276K, committed 46720K, reserved 1091584K
  class space    used 4606K, capacity 4933K, committed 4992K, reserved 1048576K
}
Event: 1957.313 GC heap after
{Heap after GC invocations=62 (full 0):
 garbage-first heap   total 262144K, used 45575K [0x0000000700000000, 0x0000000800000000)
  region size 1024K, 5 young (5120K), 5 survivors (5120K)
 Metaspace       used 45372K, capacity 46276K, committed 46720K, reserved 1091584K
  class space    used 4606K, capacity 4933K, committed 4992K, reserved 1048576K
}
Event: 1984.003 GC heap before
{Heap before GC invocations=62 (full 0):
 garbage-first heap   total 262144K, used 248327K [0x0000000700000000, 0x0000000800000000)
  region size 1024K, 153 young (156672K), 5 survivors (5120K)
 Metaspace       used 45569K, capacity 46434K, committed 46976K, reserved 1091584K
  class space    used 4613K, capacity 4938K, committed 4992K, reserved 1048576K
}
Event: 1984.018 GC heap after
{Heap after GC invocations=63 (full 0):
 garbage-first heap   total 264192K, used 78258K [0x0000000700000000, 0x0000000800000000)
  region size 1024K, 14 young (14336K), 14 survivors (14336K)
 Metaspace       used 45569K, capacity 46434K, committed 46976K, reserved 1091584K
  class space    used 4613K, capacity 4938K, committed 4992K, reserved 1048576K
}
Event: 4861.173 GC heap before
{Heap before GC invocations=63 (full 0):
 garbage-first heap   total 264192K, used 241074K [0x0000000700000000, 0x0000000800000000)
  region size 1024K, 154 young (157696K), 14 survivors (14336K)
 Metaspace       used 45767K, capacity 46644K, committed 46976K, reserved 1091584K
  class space    used 4618K, capacity 4941K, committed 4992K, reserved 1048576K
}
Event: 4861.243 GC heap after
{Heap after GC invocations=64 (full 0):
 garbage-first heap   total 264192K, used 87591K [0x0000000700000000, 0x0000000800000000)
  region size 1024K, 12 young (12288K), 12 survivors (12288K)
 Metaspace       used 45767K, capacity 46644K, committed 46976K, reserved 1091584K
  class space    used 4618K, capacity 4941K, committed 4992K, reserved 1048576K
}

